8192
o 0 0 64 8127
o 0 64 128 8063
o 0 128 192 7999
o 0 192 256 7935
w 235
w 236
w 237
o 0 256 320 7871
w 256
o 1 320 384 7807
o 1 384 448 7743
o 1 448 512 7679
o 1 512 576 7615
w 555
w 556
w 557
o 1 576 640 7551
w 576
o 2 640 704 7487
w 640
w 641
w 642
o 2 704 768 7423
w 704
r 235
r 236
r 237
r 256
r 555
r 556
r 557
r 576
r 640
r 641
r 642
r 704
o -1 0 64 7488
o -1 64 128 7553
o -1 128 192 7618
o -1 192 256 7683
o -1 256 320 7748
o -1 320 384 7813
o -1 384 448 7878
o -1 448 512 7943
o -1 512 576 8008
o -1 576 640 8073
o -1 640 704 8138
o -1 704 768 8203
end