4096
o 0 0 64 4031
o 0 64 128 3967
o 0 128 192 3903
o 0 192 256 3839
w 235
w 236
w 237
o 0 256 320 3775
w 256
w 257
o 1 320 384 3711
o 1 384 448 3647
o 1 448 512 3583
o 1 512 576 3519
w 555
w 556
w 557
o 1 576 640 3455
w 576
w 577
o 2 640 704 3391
w 640
w 641
o 2 704 768 3327
w 704
w 705
o 3 768 832 3263
w 768
w 769
w 770
o 3 832 896 3199
w 832
w 833
r 235
r 236
r 237
r 257
r 256
r 555
r 556
r 557
r 577
r 576
r 640
r 641
r 705
r 704
r 768
r 769
r 770
r 833
r 832
o -1 0 64 3264
o -1 64 128 3329
o -1 128 192 3394
o -1 192 256 3459
o -1 256 320 3524
o -1 320 384 3589
o -1 384 448 3654
o -1 448 512 3719
o -1 512 576 3784
o -1 576 640 3849
o -1 640 704 3914
o -1 704 768 3979
o -1 768 832 4044
o -1 832 896 4109
end